TN:
SF:C:\Jay\Workstation\Personal\practice\NodePractice\testful.js
FN:5,(anonymous_1)
FN:7,(anonymous_2)
FN:13,(anonymous_3)
FN:19,(anonymous_4)
FNF:4
FNH:0
FNDA:0,(anonymous_1)
FNDA:0,(anonymous_2)
FNDA:0,(anonymous_3)
FNDA:0,(anonymous_4)
DA:1,1
DA:2,1
DA:5,1
DA:7,0
DA:9,0
DA:13,0
DA:15,0
DA:19,0
DA:21,0
LF:9
LH:3
BRF:0
BRH:0
end_of_record
TN:
SF:C:\Jay\Workstation\Personal\practice\NodePractice\lib\fibonacci.js
FN:1,(anonymous_1)
FNF:1
FNH:0
FNDA:0,(anonymous_1)
DA:1,1
DA:2,0
DA:4,0
DA:6,0
DA:8,0
DA:12,0
DA:17,1
LF:7
LH:2
BRDA:2,1,0,0
BRDA:2,1,1,0
BRDA:6,2,0,0
BRDA:6,2,1,0
BRF:4
BRH:0
end_of_record
